<?xml version="1.0" encoding="UTF-8"?>
<!-- Generated by org.testng.reporters.JUnitReportReporter -->
<testsuite skipped="0" hostname="soombose" name="com.training.sanity.tests.RTTC084Test" tests="2" failures="0" timestamp="10 Jan 2019 13:19:14 GMT" time="111.269" errors="0">
  <testcase name="CreateProductInAdmin" time="49.103" classname="com.training.sanity.tests.RTTC084Test"/>
  <testcase name="VerifyProductInUserApp" time="62.166" classname="com.training.sanity.tests.RTTC084Test"/>
</testsuite> <!-- com.training.sanity.tests.RTTC084Test -->
