<?xml version="1.0" encoding="UTF-8"?>
<!-- Generated by org.testng.reporters.JUnitReportReporter -->
<testsuite skipped="0" hostname="soombose" name="com.training.sanity.tests.RTTC053Test" tests="1" failures="0" timestamp="27 Dec 2018 05:44:38 GMT" time="31.654" errors="0">
  <testcase name="AddHistoryToOrder" time="31.654" classname="com.training.sanity.tests.RTTC053Test"/>
</testsuite> <!-- com.training.sanity.tests.RTTC053Test -->
