<?xml version="1.0" encoding="UTF-8"?>
<!-- Generated by org.testng.reporters.JUnitReportReporter -->
<testsuite skipped="0" hostname="soombose" name="com.training.sanity.tests.RTTC051Test" tests="1" failures="0" timestamp="26 Dec 2018 10:21:06 GMT" time="50.608" errors="0">
  <testcase name="CreateNewCustGrp" time="50.608" classname="com.training.sanity.tests.RTTC051Test"/>
</testsuite> <!-- com.training.sanity.tests.RTTC051Test -->
