<?xml version="1.0" encoding="UTF-8"?>
<!-- Generated by org.testng.reporters.JUnitReportReporter -->
<testsuite skipped="0" hostname="soombose" name="com.training.sanity.tests.RTTC082Test" tests="4" failures="0" timestamp="10 Jan 2019 09:17:35 GMT" time="63.904" errors="0">
  <testcase name="CustomerReturnsByAdminPositv" time="14.739" classname="com.training.sanity.tests.RTTC082Test"/>
  <testcase name="CustomerReturnsByAdminPositv" time="15.934" classname="com.training.sanity.tests.RTTC082Test"/>
  <testcase name="CustomerReturnsByAdminPositv" time="19.919" classname="com.training.sanity.tests.RTTC082Test"/>
  <testcase name="CustomerReturnsByAdminPositv" time="13.312" classname="com.training.sanity.tests.RTTC082Test"/>
</testsuite> <!-- com.training.sanity.tests.RTTC082Test -->
