<?xml version="1.0" encoding="UTF-8"?>
<!-- Generated by org.testng.reporters.JUnitReportReporter -->
<testsuite skipped="0" hostname="soombose" name="com.training.sanity.tests.RTTC054Test" tests="1" failures="0" timestamp="31 Dec 2018 10:42:13 GMT" time="46.819" errors="0">
  <testcase name="PlaceOrderByAdmin" time="46.819" classname="com.training.sanity.tests.RTTC054Test"/>
</testsuite> <!-- com.training.sanity.tests.RTTC054Test -->
