<?xml version="1.0" encoding="UTF-8"?>
<!-- Generated by org.testng.reporters.JUnitReportReporter -->
<testsuite skipped="0" hostname="soombose" name="com.training.sanity.tests.RTTC052Test" tests="1" failures="0" timestamp="09 Jan 2019 04:06:00 GMT" time="33.574" errors="0">
  <testcase name="GiveRewardPointstoCustomer" time="33.574" classname="com.training.sanity.tests.RTTC052Test"/>
</testsuite> <!-- com.training.sanity.tests.RTTC052Test -->
