<?xml version="1.0" encoding="UTF-8"?>
<!-- Generated by org.testng.reporters.JUnitReportReporter -->
<testsuite skipped="0" hostname="soombose" name="com.training.sanity.tests.RTTC051Test" tests="1" failures="0" timestamp="31 Dec 2018 11:54:49 GMT" time="44.415" errors="0">
  <testcase name="CreateNewCustGrp" time="44.415" classname="com.training.sanity.tests.RTTC051Test"/>
</testsuite> <!-- com.training.sanity.tests.RTTC051Test -->
