<?xml version="1.0" encoding="UTF-8"?>
<!-- Generated by org.testng.reporters.JUnitReportReporter -->
<testsuite skipped="0" hostname="soombose" name="com.training.sanity.tests.chkAdminUsername" tests="1" failures="0" timestamp="21 Dec 2018 09:04:43 GMT" time="31.641" errors="0">
  <testcase name="validAdminUsernameTest" time="31.641" classname="com.training.sanity.tests.chkAdminUsername"/>
</testsuite> <!-- com.training.sanity.tests.chkAdminUsername -->
