<?xml version="1.0" encoding="UTF-8"?>
<!-- Generated by org.testng.reporters.JUnitReportReporter -->
<testsuite skipped="0" hostname="soombose" name="com.training.sanity.tests.RTTC052Test" tests="1" failures="0" timestamp="31 Dec 2018 11:57:24 GMT" time="35.968" errors="0">
  <testcase name="GiveRewardPointstoCustomer" time="35.968" classname="com.training.sanity.tests.RTTC052Test"/>
</testsuite> <!-- com.training.sanity.tests.RTTC052Test -->
