<?xml version="1.0" encoding="UTF-8"?>
<!-- Generated by org.testng.reporters.JUnitReportReporter -->
<testsuite skipped="0" hostname="soombose" name="com.training.sanity.tests.RTTC083Test" tests="4" failures="0" timestamp="10 Jan 2019 09:20:36 GMT" time="41.695" errors="0">
  <testcase name="CustomerReturnsByAdminNegatv" time="9.209" classname="com.training.sanity.tests.RTTC083Test"/>
  <testcase name="CustomerReturnsByAdminNegatv" time="10.489" classname="com.training.sanity.tests.RTTC083Test"/>
  <testcase name="CustomerReturnsByAdminNegatv" time="10.052" classname="com.training.sanity.tests.RTTC083Test"/>
  <testcase name="CustomerReturnsByAdminNegatv" time="11.945" classname="com.training.sanity.tests.RTTC083Test"/>
</testsuite> <!-- com.training.sanity.tests.RTTC083Test -->
