<?xml version="1.0" encoding="UTF-8"?>
<!-- Generated by org.testng.reporters.JUnitReportReporter -->
<testsuite skipped="0" hostname="soombose" name="com.training.sanity.tests.LoginTests" tests="1" failures="0" timestamp="18 Dec 2018 12:46:27 GMT" time="23.612" errors="0">
  <testcase name="validLoginTest" time="23.612" classname="com.training.sanity.tests.LoginTests"/>
</testsuite> <!-- com.training.sanity.tests.LoginTests -->
