<?xml version="1.0" encoding="UTF-8"?>
<!-- Generated by org.testng.reporters.JUnitReportReporter -->
<testsuite skipped="0" hostname="soombose" name="com.training.sanity.tests.RTTC022_Orders" tests="1" failures="0" timestamp="20 Dec 2018 12:00:25 GMT" time="35.503" errors="0">
  <testcase name="TotalOrders" time="35.503" classname="com.training.sanity.tests.RTTC022_Orders"/>
</testsuite> <!-- com.training.sanity.tests.RTTC022_Orders -->
