<?xml version="1.0" encoding="UTF-8"?>
<!-- Generated by org.testng.reporters.JUnitReportReporter -->
<testsuite skipped="0" hostname="soombose" name="com.training.sanity.tests.RTTC052Test" tests="1" failures="0" timestamp="26 Dec 2018 11:58:00 GMT" time="33.985" errors="0">
  <testcase name="GiveRewardPointstoCustomer" time="33.985" classname="com.training.sanity.tests.RTTC052Test"/>
</testsuite> <!-- com.training.sanity.tests.RTTC052Test -->
