<?xml version="1.0" encoding="UTF-8"?>
<!-- Generated by org.testng.reporters.JUnitReportReporter -->
<testsuite skipped="0" hostname="soombose" name="com.training.regression.tests.LoginDBTest" tests="1" failures="0" timestamp="09 Jan 2019 06:24:37 GMT" time="22.030" errors="0">
  <testcase name="loginDBTest" time="22.030" classname="com.training.regression.tests.LoginDBTest"/>
</testsuite> <!-- com.training.regression.tests.LoginDBTest -->
