<?xml version="1.0" encoding="UTF-8"?>
<!-- Generated by org.testng.reporters.JUnitReportReporter -->
<testsuite skipped="0" hostname="soombose" name="com.training.sanity.tests.RTTC055Test" tests="1" failures="0" timestamp="27 Dec 2018 10:10:27 GMT" time="30.768" errors="0">
  <testcase name="CreateNewProduct" time="30.768" classname="com.training.sanity.tests.RTTC055Test"/>
</testsuite> <!-- com.training.sanity.tests.RTTC055Test -->
