<?xml version="1.0" encoding="UTF-8"?>
<!-- Generated by org.testng.reporters.JUnitReportReporter -->
<testsuite skipped="1" hostname="soombose" name="com.training.sanity.tests.RTTC082MyTest" tests="1" failures="0" timestamp="08 Jan 2019 10:35:54 GMT" time="0.000" errors="0">
  <testcase name="CustomerReturnsTest" time="0.000" classname="com.training.sanity.tests.RTTC082MyTest">
    <skipped/>
  </testcase> <!-- CustomerReturnsTest -->
</testsuite> <!-- com.training.sanity.tests.RTTC082MyTest -->
