<?xml version="1.0" encoding="UTF-8"?>
<!-- Generated by org.testng.reporters.JUnitReportReporter -->
<testsuite skipped="0" hostname="soombose" name="com.training.sanity.tests.RTTC023_Tax" tests="1" failures="0" timestamp="20 Dec 2018 12:01:18 GMT" time="33.815" errors="0">
  <testcase name="TotalTax" time="33.815" classname="com.training.sanity.tests.RTTC023_Tax"/>
</testsuite> <!-- com.training.sanity.tests.RTTC023_Tax -->
