<?xml version="1.0" encoding="UTF-8"?>
<!-- Generated by org.testng.reporters.JUnitReportReporter -->
<testsuite skipped="0" hostname="soombose" name="com.training.sanity.tests.RTTC081Test" tests="1" failures="0" timestamp="09 Jan 2019 12:11:21 GMT" time="9.629" errors="0">
  <testcase name="CustomerReturnsByAdminDB" time="9.629" classname="com.training.sanity.tests.RTTC081Test"/>
</testsuite> <!-- com.training.sanity.tests.RTTC081Test -->
