<?xml version="1.0" encoding="UTF-8"?>
<!-- Generated by org.testng.reporters.JUnitReportReporter -->
<testsuite skipped="0" hostname="soombose" name="com.training.sanity.tests.RTTC021_deleteCustomer" tests="1" failures="0" timestamp="19 Dec 2018 12:05:17 GMT" time="34.920" errors="0">
  <testcase name="CustomerDelete" time="34.920" classname="com.training.sanity.tests.RTTC021_deleteCustomer"/>
</testsuite> <!-- com.training.sanity.tests.RTTC021_deleteCustomer -->
