<?xml version="1.0" encoding="UTF-8"?>
<!-- Generated by org.testng.reporters.JUnitReportReporter -->
<testsuite skipped="0" hostname="soombose" name="com.training.sanity.tests.RTTC024_Shipping" tests="1" failures="0" timestamp="20 Dec 2018 12:02:12 GMT" time="35.372" errors="0">
  <testcase name="TotalShipping" time="35.372" classname="com.training.sanity.tests.RTTC024_Shipping"/>
</testsuite> <!-- com.training.sanity.tests.RTTC024_Shipping -->
