<?xml version="1.0" encoding="UTF-8"?>
<!-- Generated by org.testng.reporters.JUnitReportReporter -->
<testsuite skipped="0" hostname="soombose" name="com.training.sanity.tests.RTTC025_Returns" tests="1" failures="0" timestamp="20 Dec 2018 12:03:08 GMT" time="35.325" errors="0">
  <testcase name="TotalReturns" time="35.325" classname="com.training.sanity.tests.RTTC025_Returns"/>
</testsuite> <!-- com.training.sanity.tests.RTTC025_Returns -->
