<?xml version="1.0" encoding="UTF-8"?>
<!-- Generated by org.testng.reporters.JUnitReportReporter -->
<testsuite skipped="0" hostname="soombose" name="com.training.sanity.tests.RTTC054Test" tests="2" failures="0" timestamp="09 Jan 2019 06:10:37 GMT" time="34.929" errors="0">
  <testcase name="PlaceOrderByAdminWithoutException" time="23.465" classname="com.training.sanity.tests.RTTC054Test"/>
  <testcase name="PlaceOrderByAdminWithException" time="11.464" classname="com.training.sanity.tests.RTTC054Test"/>
</testsuite> <!-- com.training.sanity.tests.RTTC054Test -->
